[35m[Appium][39m Welcome to Appium v1.17.0
[35m[Appium][39m Non-default server args:
[35m[Appium][39m   port: 55002
[35m[Appium][39m   loglevel: info
[35m[Appium][39m   tmpDir: C:\Users\THINH~1.LUO\AppData\Local\Temp\\Katalon\Appium\Temp1587372985647
[35m[Appium][39m   chromedriverPort: 55003
[35m[Appium][39m Deprecated server args:
[35m[Appium][39m   [31m--chromedriver-port[39m => --default-capabilities '{"chromedriverPort":55003}'
[35m[Appium][39m Default capabilities, which will be added to each request unless overridden by desired capabilities:
[35m[Appium][39m   chromedriverPort: 55003
[35m[Appium][39m Appium REST http interface listener started on 0.0.0.0:55002
[35m[HTTP][39m [37m-->[39m [37mGET[39m [37m/wd/hub/status[39m
[35m[HTTP][39m [90m{}[39m
[35m[HTTP][39m [37m<-- GET /wd/hub/status [39m[32m200[39m [90m8 ms - 68[39m
[35m[HTTP][39m [90m[39m
[35m[HTTP][39m [37m-->[39m [37mGET[39m [37m/wd/hub/status[39m
[35m[HTTP][39m [90m{}[39m
[35m[HTTP][39m [37m<-- GET /wd/hub/status [39m[32m200[39m [90m1 ms - 68[39m
[35m[HTTP][39m [90m[39m
[35m[HTTP][39m [37m-->[39m [37mPOST[39m [37m/wd/hub/session[39m
[35m[HTTP][39m [90m{"desiredCapabilities":{"app":"D:\\Katalon_Data\\com.android.chrome_81.0.4044.111-404411101_minAPI19_maxAPI23(x86)(nodpi)_apkmirror.com.apk","noReset":true,"deviceId":"emulator-5554","deviceName":"emulator-5554 (Android SDK built for x86 - Android 10)","fullReset":false,"platform":"ANDROID","newCommandTimeout":1800,"platformVersion":"10","automationName":"uiautomator2","autoGrantPermissions":true,"platformName":"Android","udid":"emulator-5554","systemPort":55009},"capabilities":{"firstMatch":[{"appium:app":"D:\\Katalon_Data\\com.android.chrome_81.0.4044.111-404411101_minAPI19_maxAPI23(x86)(nodpi)_apkmirror.com.apk","appium:autoGrantPermissions":true,"appium:automationName":"uiautomator2","deviceId":"emulator-5554","appium:deviceName":"emulator-5554 (Android SDK built for x86 - Android 10)","appium:fullReset":false,"appium:newCommandTimeout":1800,"appium:noReset":true,"platform":"ANDROID","platformName":"android","appium:platformVersion":"10","appium:systemPort":55009,"appium:udid":"emu[39m
[35m[BaseDriver][39m The following capabilities are not standard capabilities and should have an extension prefix:
[35m[BaseDriver][39m   deviceId
[35m[BaseDriver][39m   platform
[35m[BaseDriver][39m   chromedriverPort
[35m[Appium][39m Appium v1.17.0 creating new AndroidUiautomator2Driver (v1.44.2) session
[35m[BaseDriver][39m The following capabilities were provided, but are not recognized by Appium:
[35m[BaseDriver][39m   deviceId
[35m[BaseDriver][39m   platform
[35m[BaseDriver][39m Session created with session id: 220bdf91-e9ae-4777-aa0a-ca81da9ca4e4
[35m[BaseDriver][39m Using local app 'D:\Katalon_Data\com.android.chrome_81.0.4044.111-404411101_minAPI19_maxAPI23(x86)(nodpi)_apkmirror.com.apk'
[35m[ADB][39m Found 1 'build-tools' folders under 'C:\Users\thinh.luong\.katalon\tools\android_sdk' (newest first):
[35m[ADB][39m     C:/Users/thinh.luong/.katalon/tools/android_sdk/build-tools/29.0.3
[35m[ADB][39m Using 'adb.exe' from 'C:\Users\thinh.luong\.katalon\tools\android_sdk\platform-tools\adb.exe'
[35m[AndroidDriver][39m Retrieving device list
[35m[AndroidDriver][39m Using device: emulator-5554
[35m[ADB][39m Using 'adb.exe' from 'C:\Users\thinh.luong\.katalon\tools\android_sdk\platform-tools\adb.exe'
[35m[ADB][39m Getting device platform version
[35m[UiAutomator2][39m Relaxing hidden api policy
[35m[ADB][39m Package name: 'com.android.chrome'
[35m[ADB][39m Main activity name: 'com.google.android.apps.chrome.Main'
[35m[ADB][39m Using 'apksigner.jar' from 'C:\Users\thinh.luong\.katalon\tools\android_sdk\build-tools\29.0.3\lib\apksigner.jar'
[35m[UiAutomator2][39m Server packages are not going to be (re)installed
[35m[ADB][39m The application at 'D:\Katalon_Data\com.android.chrome_81.0.4044.111-404411101_minAPI19_maxAPI23(x86)(nodpi)_apkmirror.com.apk' will not be cached, because the device under test has confirmed the support of streamed installs
[35m[ADB][39m Cannot install/upgrade 'com.android.chrome' because of 'Error executing adbExec. Original error: 'Command 'C:\\Users\\thinh.luong\\.katalon\\tools\\android_sdk\\platform-tools\\adb.exe -P 5037 -s emulator-5554 install -r -g D:\\Katalon_Data\\com.android.chrome_81.0.4044.111-404411101_minAPI19_maxAPI23\(x86\)\(nodpi\)_apkmirror.com.apk' exited with code 1'; Stderr: 'adb: failed to install D:\Katalon_Data\com.android.chrome_81.0.4044.111-404411101_minAPI19_maxAPI23(x86)(nodpi)_apkmirror.com.apk: Failure [INSTALL_FAILED_UPDATE_INCOMPATIBLE: Package com.android.chrome signatures do not match previously installed version; ignoring!]'; Code: '1''. Trying full reinstall
[35m[UiAutomator2][39m Did not get confirmation UiAutomator2 deleteSession worked; Error was: UnknownError: An unknown server-side error occurred while processing the command. Original error: Trying to proxy a session command without session id
[35m[UiAutomator2][39m Restoring hidden api policy to the device default configuration
[35m[HTTP][39m [37m<-- POST /wd/hub/session [39m[31m500[39m [90m6907 ms - 1135[39m
[35m[HTTP][39m [90m[39m
